<?xml version="1.0" encoding="UTF-8"?>
<!-- Generated by org.testng.reporters.JUnitReportReporter -->
<testsuite hostname="DESKTOP-23C1G88" failures="0" tests="1" name="com.assignment.AppTesting" time="8.300" errors="0" timestamp="2022-10-09T14:57:58 IST" skipped="0">
  <testcase classname="com.assignment.AppTesting" name="test" time="8.300"/>
  <system-out/>
</testsuite> <!-- com.assignment.AppTesting -->
